Reading netlist file: "C:\Users\darri\OneDrive\Documents\Spring 2025\CSC 7700\Lab 3\Lab3\Darrin_FPGA_project\impl\gwsynthesis\Darrin_FPGA_project.vg"
Parsing netlist file "C:\Users\darri\OneDrive\Documents\Spring 2025\CSC 7700\Lab 3\Lab3\Darrin_FPGA_project\impl\gwsynthesis\Darrin_FPGA_project.vg" completed
Processing netlist completed
Reading constraint file: "C:\Users\darri\OneDrive\Documents\Spring 2025\CSC 7700\Lab 3\Lab3\Darrin_FPGA_project\src\Darrin_FPGA_project.cst"
Physical Constraint parsed completed
Running placement......
[10%] Placement Phase 0 completed
[20%] Placement Phase 1 completed
[30%] Placement Phase 2 completed
[50%] Placement Phase 3 completed
Running routing......
[60%] Routing Phase 0 completed
[70%] Routing Phase 1 completed
[80%] Routing Phase 2 completed
[90%] Routing Phase 3 completed
Running timing analysis......
[95%] Timing analysis completed
Placement and routing completed
Bitstream generation in progress......
Bitstream generation completed
Running power analysis......
[100%] Power analysis completed
Generate file "C:\Users\darri\OneDrive\Documents\Spring 2025\CSC 7700\Lab 3\Lab3\Darrin_FPGA_project\impl\pnr\Darrin_FPGA_project.power.html" completed
Generate file "C:\Users\darri\OneDrive\Documents\Spring 2025\CSC 7700\Lab 3\Lab3\Darrin_FPGA_project\impl\pnr\Darrin_FPGA_project.pin.html" completed
Generate file "C:\Users\darri\OneDrive\Documents\Spring 2025\CSC 7700\Lab 3\Lab3\Darrin_FPGA_project\impl\pnr\Darrin_FPGA_project.rpt.html" completed
Generate file "C:\Users\darri\OneDrive\Documents\Spring 2025\CSC 7700\Lab 3\Lab3\Darrin_FPGA_project\impl\pnr\Darrin_FPGA_project.rpt.txt" completed
Generate file "C:\Users\darri\OneDrive\Documents\Spring 2025\CSC 7700\Lab 3\Lab3\Darrin_FPGA_project\impl\pnr\Darrin_FPGA_project.tr.html" completed
Fri Mar  7 10:50:58 2025

